{"G:\\jty\\toolkit\\src\\index.ts": {"path":"G:\\jty\\toolkit\\src\\index.ts","statementMap":{},"fnMap":{},"branchMap":{},"s":{},"f":{},"b":{},"_coverageSchema":"1a1c01bbd47fc00a2c39e90264f33305004495a9","hash":"de928d8516eea847bd3c00f155d29c8c2657bce8"}
,"G:\\jty\\toolkit\\src\\array\\index.ts": {"path":"G:\\jty\\toolkit\\src\\array\\index.ts","statementMap":{"0":{"start":{"line":4,"column":25},"end":{"line":6,"column":1}},"1":{"start":{"line":5,"column":2},"end":{"line":5,"column":68}},"2":{"start":{"line":5,"column":47},"end":{"line":5,"column":66}},"3":{"start":{"line":11,"column":31},"end":{"line":13,"column":1}},"4":{"start":{"line":12,"column":2},"end":{"line":12,"column":49}},"5":{"start":{"line":12,"column":30},"end":{"line":12,"column":48}},"6":{"start":{"line":21,"column":29},"end":{"line":25,"column":1}},"7":{"start":{"line":22,"column":2},"end":{"line":24,"column":62}},"8":{"start":{"line":24,"column":19},"end":{"line":24,"column":61}}},"fnMap":{"0":{"name":"(anonymous_0)","decl":{"start":{"line":4,"column":25},"end":{"line":4,"column":26}},"loc":{"start":{"line":4,"column":63},"end":{"line":6,"column":1}},"line":4},"1":{"name":"(anonymous_1)","decl":{"start":{"line":5,"column":37},"end":{"line":5,"column":38}},"loc":{"start":{"line":5,"column":47},"end":{"line":5,"column":66}},"line":5},"2":{"name":"(anonymous_2)","decl":{"start":{"line":11,"column":31},"end":{"line":11,"column":32}},"loc":{"start":{"line":11,"column":69},"end":{"line":13,"column":1}},"line":11},"3":{"name":"(anonymous_3)","decl":{"start":{"line":12,"column":23},"end":{"line":12,"column":24}},"loc":{"start":{"line":12,"column":30},"end":{"line":12,"column":48}},"line":12},"4":{"name":"(anonymous_4)","decl":{"start":{"line":21,"column":29},"end":{"line":21,"column":30}},"loc":{"start":{"line":21,"column":67},"end":{"line":25,"column":1}},"line":21},"5":{"name":"(anonymous_5)","decl":{"start":{"line":24,"column":12},"end":{"line":24,"column":13}},"loc":{"start":{"line":24,"column":19},"end":{"line":24,"column":61}},"line":24}},"branchMap":{"0":{"loc":{"start":{"line":24,"column":19},"end":{"line":24,"column":61}},"type":"binary-expr","locations":[{"start":{"line":24,"column":19},"end":{"line":24,"column":38}},{"start":{"line":24,"column":42},"end":{"line":24,"column":61}}],"line":24}},"s":{"0":4,"1":0,"2":0,"3":4,"4":0,"5":0,"6":4,"7":0,"8":0},"f":{"0":0,"1":0,"2":0,"3":0,"4":0,"5":0},"b":{"0":[0,0]},"_coverageSchema":"1a1c01bbd47fc00a2c39e90264f33305004495a9","hash":"a8ce7ac4bc1111cc477cfcb52a542b080ce16a7a"}
,"G:\\jty\\toolkit\\src\\browser\\cookie.ts": {"path":"G:\\jty\\toolkit\\src\\browser\\cookie.ts","statementMap":{"0":{"start":{"line":9,"column":16},"end":{"line":9,"column":18}},"1":{"start":{"line":10,"column":2},"end":{"line":14,"column":3}},"2":{"start":{"line":11,"column":17},"end":{"line":11,"column":27}},"3":{"start":{"line":12,"column":4},"end":{"line":12,"column":61}},"4":{"start":{"line":13,"column":4},"end":{"line":13,"column":47}},"5":{"start":{"line":15,"column":2},"end":{"line":15,"column":76}},"6":{"start":{"line":22,"column":17},"end":{"line":22,"column":27}},"7":{"start":{"line":23,"column":13},"end":{"line":23,"column":39}},"8":{"start":{"line":24,"column":2},"end":{"line":29,"column":3}},"9":{"start":{"line":24,"column":15},"end":{"line":24,"column":16}},"10":{"start":{"line":25,"column":12},"end":{"line":25,"column":17}},"11":{"start":{"line":26,"column":4},"end":{"line":26,"column":60}},"12":{"start":{"line":26,"column":32},"end":{"line":26,"column":60}},"13":{"start":{"line":27,"column":4},"end":{"line":28,"column":69}},"14":{"start":{"line":28,"column":6},"end":{"line":28,"column":69}},"15":{"start":{"line":30,"column":2},"end":{"line":30,"column":13}},"16":{"start":{"line":36,"column":2},"end":{"line":36,"column":78}},"17":{"start":{"line":41,"column":2},"end":{"line":41,"column":33}},"18":{"start":{"line":47,"column":18},"end":{"line":47,"column":44}},"19":{"start":{"line":48,"column":20},"end":{"line":48,"column":22}},"20":{"start":{"line":49,"column":2},"end":{"line":52,"column":4}},"21":{"start":{"line":50,"column":26},"end":{"line":50,"column":43}},"22":{"start":{"line":51,"column":4},"end":{"line":51,"column":74}},"23":{"start":{"line":53,"column":2},"end":{"line":53,"column":18}}},"fnMap":{"0":{"name":"setCookie","decl":{"start":{"line":8,"column":16},"end":{"line":8,"column":25}},"loc":{"start":{"line":8,"column":45},"end":{"line":16,"column":1}},"line":8},"1":{"name":"getCookie","decl":{"start":{"line":21,"column":16},"end":{"line":21,"column":25}},"loc":{"start":{"line":21,"column":32},"end":{"line":31,"column":1}},"line":21},"2":{"name":"removeCookie","decl":{"start":{"line":35,"column":16},"end":{"line":35,"column":28}},"loc":{"start":{"line":35,"column":35},"end":{"line":37,"column":1}},"line":35},"3":{"name":"hasCookie","decl":{"start":{"line":40,"column":16},"end":{"line":40,"column":25}},"loc":{"start":{"line":40,"column":32},"end":{"line":42,"column":1}},"line":40},"4":{"name":"getAllCookies","decl":{"start":{"line":46,"column":16},"end":{"line":46,"column":29}},"loc":{"start":{"line":46,"column":32},"end":{"line":54,"column":1}},"line":46},"5":{"name":"(anonymous_5)","decl":{"start":{"line":49,"column":18},"end":{"line":49,"column":19}},"loc":{"start":{"line":49,"column":30},"end":{"line":52,"column":3}},"line":49}},"branchMap":{"0":{"loc":{"start":{"line":10,"column":2},"end":{"line":14,"column":3}},"type":"if","locations":[{"start":{"line":10,"column":2},"end":{"line":14,"column":3}},{"start":{},"end":{}}],"line":10},"1":{"loc":{"start":{"line":27,"column":4},"end":{"line":28,"column":69}},"type":"if","locations":[{"start":{"line":27,"column":4},"end":{"line":28,"column":69}},{"start":{},"end":{}}],"line":27}},"s":{"0":0,"1":0,"2":0,"3":0,"4":0,"5":0,"6":0,"7":0,"8":0,"9":0,"10":0,"11":0,"12":0,"13":0,"14":0,"15":0,"16":0,"17":0,"18":0,"19":0,"20":0,"21":0,"22":0,"23":0},"f":{"0":0,"1":0,"2":0,"3":0,"4":0,"5":0},"b":{"0":[0,0],"1":[0,0]},"_coverageSchema":"1a1c01bbd47fc00a2c39e90264f33305004495a9","hash":"81ea5e7f839068c801d2c79692c9b82907843ab4"}
,"G:\\jty\\toolkit\\src\\browser\\dom.ts": {"path":"G:\\jty\\toolkit\\src\\browser\\dom.ts","statementMap":{"0":{"start":{"line":3,"column":2},"end":{"line":6,"column":3}},"1":{"start":{"line":12,"column":2},"end":{"line":15,"column":4}},"2":{"start":{"line":22,"column":2},"end":{"line":25,"column":4}},"3":{"start":{"line":32,"column":2},"end":{"line":32,"column":48}},"4":{"start":{"line":38,"column":15},"end":{"line":38,"column":46}},"5":{"start":{"line":39,"column":2},"end":{"line":45,"column":3}},"6":{"start":{"line":51,"column":17},"end":{"line":51,"column":60}},"7":{"start":{"line":52,"column":2},"end":{"line":52,"column":35}},"8":{"start":{"line":58,"column":17},"end":{"line":58,"column":60}},"9":{"start":{"line":59,"column":2},"end":{"line":59,"column":24}},"10":{"start":{"line":60,"column":2},"end":{"line":64,"column":3}},"11":{"start":{"line":69,"column":17},"end":{"line":69,"column":60}},"12":{"start":{"line":70,"column":2},"end":{"line":70,"column":20}},"13":{"start":{"line":71,"column":2},"end":{"line":75,"column":3}},"14":{"start":{"line":80,"column":20},"end":{"line":80,"column":39}},"15":{"start":{"line":81,"column":2},"end":{"line":81,"column":57}},"16":{"start":{"line":81,"column":41},"end":{"line":81,"column":57}},"17":{"start":{"line":82,"column":2},"end":{"line":82,"column":49}},"18":{"start":{"line":82,"column":34},"end":{"line":82,"column":49}},"19":{"start":{"line":83,"column":2},"end":{"line":83,"column":44}},"20":{"start":{"line":83,"column":31},"end":{"line":83,"column":44}},"21":{"start":{"line":84,"column":2},"end":{"line":84,"column":51}},"22":{"start":{"line":84,"column":37},"end":{"line":84,"column":51}},"23":{"start":{"line":85,"column":2},"end":{"line":85,"column":64}},"24":{"start":{"line":85,"column":49},"end":{"line":85,"column":64}},"25":{"start":{"line":86,"column":2},"end":{"line":86,"column":18}},"26":{"start":{"line":92,"column":20},"end":{"line":92,"column":39}},"27":{"start":{"line":93,"column":18},"end":{"line":93,"column":34}},"28":{"start":{"line":96,"column":2},"end":{"line":106,"column":3}},"29":{"start":{"line":97,"column":4},"end":{"line":97,"column":52}},"30":{"start":{"line":98,"column":9},"end":{"line":106,"column":3}},"31":{"start":{"line":99,"column":4},"end":{"line":99,"column":52}},"32":{"start":{"line":100,"column":9},"end":{"line":106,"column":3}},"33":{"start":{"line":101,"column":4},"end":{"line":101,"column":48}},"34":{"start":{"line":102,"column":9},"end":{"line":106,"column":3}},"35":{"start":{"line":103,"column":4},"end":{"line":103,"column":54}},"36":{"start":{"line":104,"column":9},"end":{"line":106,"column":3}},"37":{"start":{"line":105,"column":4},"end":{"line":105,"column":51}},"38":{"start":{"line":108,"column":2},"end":{"line":108,"column":16}},"39":{"start":{"line":114,"column":2},"end":{"line":116,"column":3}},"40":{"start":{"line":122,"column":2},"end":{"line":122,"column":65}},"41":{"start":{"line":128,"column":2},"end":{"line":128,"column":39}},"42":{"start":{"line":134,"column":2},"end":{"line":134,"column":64}}},"fnMap":{"0":{"name":"getWindowSize","decl":{"start":{"line":2,"column":16},"end":{"line":2,"column":29}},"loc":{"start":{"line":2,"column":32},"end":{"line":7,"column":1}},"line":2},"1":{"name":"scrollToTop","decl":{"start":{"line":11,"column":16},"end":{"line":11,"column":27}},"loc":{"start":{"line":11,"column":30},"end":{"line":16,"column":1}},"line":11},"2":{"name":"scrollToBottom","decl":{"start":{"line":21,"column":16},"end":{"line":21,"column":30}},"loc":{"start":{"line":21,"column":33},"end":{"line":26,"column":1}},"line":21},"3":{"name":"scrollToElement","decl":{"start":{"line":31,"column":16},"end":{"line":31,"column":31}},"loc":{"start":{"line":31,"column":41},"end":{"line":33,"column":1}},"line":31},"4":{"name":"isElementInViewport","decl":{"start":{"line":37,"column":16},"end":{"line":37,"column":35}},"loc":{"start":{"line":37,"column":45},"end":{"line":46,"column":1}},"line":37},"5":{"name":"getURLParameters","decl":{"start":{"line":50,"column":16},"end":{"line":50,"column":32}},"loc":{"start":{"line":50,"column":35},"end":{"line":53,"column":1}},"line":50},"6":{"name":"setURLParameter","decl":{"start":{"line":57,"column":16},"end":{"line":57,"column":31}},"loc":{"start":{"line":57,"column":44},"end":{"line":65,"column":1}},"line":57},"7":{"name":"removeURLParameter","decl":{"start":{"line":68,"column":16},"end":{"line":68,"column":34}},"loc":{"start":{"line":68,"column":40},"end":{"line":76,"column":1}},"line":68},"8":{"name":"getBrowserType","decl":{"start":{"line":79,"column":16},"end":{"line":79,"column":30}},"loc":{"start":{"line":79,"column":33},"end":{"line":87,"column":1}},"line":79},"9":{"name":"getBrowserVersion","decl":{"start":{"line":91,"column":16},"end":{"line":91,"column":33}},"loc":{"start":{"line":91,"column":36},"end":{"line":109,"column":1}},"line":91},"10":{"name":"isMobileDevice","decl":{"start":{"line":113,"column":16},"end":{"line":113,"column":30}},"loc":{"start":{"line":113,"column":33},"end":{"line":117,"column":1}},"line":113},"11":{"name":"isTouchDevice","decl":{"start":{"line":121,"column":16},"end":{"line":121,"column":29}},"loc":{"start":{"line":121,"column":32},"end":{"line":123,"column":1}},"line":121},"12":{"name":"getScreenOrientation","decl":{"start":{"line":127,"column":16},"end":{"line":127,"column":36}},"loc":{"start":{"line":127,"column":39},"end":{"line":129,"column":1}},"line":127},"13":{"name":"listenScreenOrientationChange","decl":{"start":{"line":133,"column":16},"end":{"line":133,"column":45}},"loc":{"start":{"line":133,"column":56},"end":{"line":135,"column":1}},"line":133}},"branchMap":{"0":{"loc":{"start":{"line":40,"column":4},"end":{"line":44,"column":77}},"type":"binary-expr","locations":[{"start":{"line":40,"column":4},"end":{"line":40,"column":17}},{"start":{"line":41,"column":4},"end":{"line":41,"column":18}},{"start":{"line":42,"column":4},"end":{"line":43,"column":67}},{"start":{"line":44,"column":4},"end":{"line":44,"column":77}}],"line":40},"1":{"loc":{"start":{"line":43,"column":7},"end":{"line":43,"column":66}},"type":"binary-expr","locations":[{"start":{"line":43,"column":7},"end":{"line":43,"column":25}},{"start":{"line":43,"column":29},"end":{"line":43,"column":66}}],"line":43},"2":{"loc":{"start":{"line":44,"column":19},"end":{"line":44,"column":76}},"type":"binary-expr","locations":[{"start":{"line":44,"column":19},"end":{"line":44,"column":36}},{"start":{"line":44,"column":40},"end":{"line":44,"column":76}}],"line":44},"3":{"loc":{"start":{"line":81,"column":2},"end":{"line":81,"column":57}},"type":"if","locations":[{"start":{"line":81,"column":2},"end":{"line":81,"column":57}},{"start":{},"end":{}}],"line":81},"4":{"loc":{"start":{"line":82,"column":2},"end":{"line":82,"column":49}},"type":"if","locations":[{"start":{"line":82,"column":2},"end":{"line":82,"column":49}},{"start":{},"end":{}}],"line":82},"5":{"loc":{"start":{"line":83,"column":2},"end":{"line":83,"column":44}},"type":"if","locations":[{"start":{"line":83,"column":2},"end":{"line":83,"column":44}},{"start":{},"end":{}}],"line":83},"6":{"loc":{"start":{"line":84,"column":2},"end":{"line":84,"column":51}},"type":"if","locations":[{"start":{"line":84,"column":2},"end":{"line":84,"column":51}},{"start":{},"end":{}}],"line":84},"7":{"loc":{"start":{"line":85,"column":2},"end":{"line":85,"column":64}},"type":"if","locations":[{"start":{"line":85,"column":2},"end":{"line":85,"column":64}},{"start":{},"end":{}}],"line":85},"8":{"loc":{"start":{"line":96,"column":2},"end":{"line":106,"column":3}},"type":"if","locations":[{"start":{"line":96,"column":2},"end":{"line":106,"column":3}},{"start":{"line":98,"column":9},"end":{"line":106,"column":3}}],"line":96},"9":{"loc":{"start":{"line":98,"column":9},"end":{"line":106,"column":3}},"type":"if","locations":[{"start":{"line":98,"column":9},"end":{"line":106,"column":3}},{"start":{"line":100,"column":9},"end":{"line":106,"column":3}}],"line":98},"10":{"loc":{"start":{"line":100,"column":9},"end":{"line":106,"column":3}},"type":"if","locations":[{"start":{"line":100,"column":9},"end":{"line":106,"column":3}},{"start":{"line":102,"column":9},"end":{"line":106,"column":3}}],"line":100},"11":{"loc":{"start":{"line":102,"column":9},"end":{"line":106,"column":3}},"type":"if","locations":[{"start":{"line":102,"column":9},"end":{"line":106,"column":3}},{"start":{"line":104,"column":9},"end":{"line":106,"column":3}}],"line":102},"12":{"loc":{"start":{"line":104,"column":9},"end":{"line":106,"column":3}},"type":"if","locations":[{"start":{"line":104,"column":9},"end":{"line":106,"column":3}},{"start":{},"end":{}}],"line":104},"13":{"loc":{"start":{"line":122,"column":9},"end":{"line":122,"column":65}},"type":"binary-expr","locations":[{"start":{"line":122,"column":9},"end":{"line":122,"column":33}},{"start":{"line":122,"column":37},"end":{"line":122,"column":65}}],"line":122}},"s":{"0":0,"1":0,"2":0,"3":0,"4":0,"5":0,"6":0,"7":0,"8":0,"9":0,"10":0,"11":0,"12":0,"13":0,"14":0,"15":0,"16":0,"17":0,"18":0,"19":0,"20":0,"21":0,"22":0,"23":0,"24":0,"25":0,"26":0,"27":0,"28":0,"29":0,"30":0,"31":0,"32":0,"33":0,"34":0,"35":0,"36":0,"37":0,"38":0,"39":0,"40":0,"41":0,"42":0},"f":{"0":0,"1":0,"2":0,"3":0,"4":0,"5":0,"6":0,"7":0,"8":0,"9":0,"10":0,"11":0,"12":0,"13":0},"b":{"0":[0,0,0,0],"1":[0,0],"2":[0,0],"3":[0,0],"4":[0,0],"5":[0,0],"6":[0,0],"7":[0,0],"8":[0,0],"9":[0,0],"10":[0,0],"11":[0,0],"12":[0,0],"13":[0,0]},"_coverageSchema":"1a1c01bbd47fc00a2c39e90264f33305004495a9","hash":"060f1f3880126dad599d5a276f92c21372eaad62"}
,"G:\\jty\\toolkit\\src\\browser\\index.ts": {"path":"G:\\jty\\toolkit\\src\\browser\\index.ts","statementMap":{},"fnMap":{},"branchMap":{},"s":{},"f":{},"b":{},"_coverageSchema":"1a1c01bbd47fc00a2c39e90264f33305004495a9","hash":"f378e6301acc8c8155b236abded6b8bbfe1c0630"}
,"G:\\jty\\toolkit\\src\\browser\\storage.ts": {"path":"G:\\jty\\toolkit\\src\\browser\\storage.ts","statementMap":{"0":{"start":{"line":3,"column":18},"end":{"line":3,"column":94}},"1":{"start":{"line":4,"column":2},"end":{"line":4,"column":45}},"2":{"start":{"line":9,"column":18},"end":{"line":9,"column":94}},"3":{"start":{"line":10,"column":16},"end":{"line":10,"column":36}},"4":{"start":{"line":11,"column":2},"end":{"line":11,"column":41}},"5":{"start":{"line":16,"column":18},"end":{"line":16,"column":94}},"6":{"start":{"line":17,"column":2},"end":{"line":17,"column":25}},"7":{"start":{"line":22,"column":18},"end":{"line":22,"column":94}},"8":{"start":{"line":23,"column":2},"end":{"line":23,"column":17}},"9":{"start":{"line":28,"column":18},"end":{"line":28,"column":94}},"10":{"start":{"line":29,"column":2},"end":{"line":29,"column":38}},"11":{"start":{"line":34,"column":18},"end":{"line":34,"column":94}},"12":{"start":{"line":35,"column":21},"end":{"line":35,"column":23}},"13":{"start":{"line":36,"column":2},"end":{"line":40,"column":3}},"14":{"start":{"line":36,"column":15},"end":{"line":36,"column":16}},"15":{"start":{"line":37,"column":16},"end":{"line":37,"column":31}},"16":{"start":{"line":38,"column":18},"end":{"line":38,"column":38}},"17":{"start":{"line":39,"column":4},"end":{"line":39,"column":54}},"18":{"start":{"line":41,"column":2},"end":{"line":41,"column":19}}},"fnMap":{"0":{"name":"setStorage","decl":{"start":{"line":2,"column":16},"end":{"line":2,"column":26}},"loc":{"start":{"line":2,"column":69},"end":{"line":5,"column":1}},"line":2},"1":{"name":"getStorage","decl":{"start":{"line":8,"column":16},"end":{"line":8,"column":26}},"loc":{"start":{"line":8,"column":62},"end":{"line":12,"column":1}},"line":8},"2":{"name":"removeStorage","decl":{"start":{"line":15,"column":16},"end":{"line":15,"column":29}},"loc":{"start":{"line":15,"column":65},"end":{"line":18,"column":1}},"line":15},"3":{"name":"clearStorage","decl":{"start":{"line":21,"column":16},"end":{"line":21,"column":28}},"loc":{"start":{"line":21,"column":59},"end":{"line":24,"column":1}},"line":21},"4":{"name":"hasStorage","decl":{"start":{"line":27,"column":16},"end":{"line":27,"column":26}},"loc":{"start":{"line":27,"column":62},"end":{"line":30,"column":1}},"line":27},"5":{"name":"getAllStorage","decl":{"start":{"line":33,"column":16},"end":{"line":33,"column":29}},"loc":{"start":{"line":33,"column":60},"end":{"line":42,"column":1}},"line":33}},"branchMap":{"0":{"loc":{"start":{"line":2,"column":39},"end":{"line":2,"column":67}},"type":"default-arg","locations":[{"start":{"line":2,"column":53},"end":{"line":2,"column":67}}],"line":2},"1":{"loc":{"start":{"line":3,"column":18},"end":{"line":3,"column":94}},"type":"cond-expr","locations":[{"start":{"line":3,"column":51},"end":{"line":3,"column":70}},{"start":{"line":3,"column":73},"end":{"line":3,"column":94}}],"line":3},"2":{"loc":{"start":{"line":8,"column":32},"end":{"line":8,"column":60}},"type":"default-arg","locations":[{"start":{"line":8,"column":46},"end":{"line":8,"column":60}}],"line":8},"3":{"loc":{"start":{"line":9,"column":18},"end":{"line":9,"column":94}},"type":"cond-expr","locations":[{"start":{"line":9,"column":51},"end":{"line":9,"column":70}},{"start":{"line":9,"column":73},"end":{"line":9,"column":94}}],"line":9},"4":{"loc":{"start":{"line":11,"column":9},"end":{"line":11,"column":41}},"type":"cond-expr","locations":[{"start":{"line":11,"column":17},"end":{"line":11,"column":34}},{"start":{"line":11,"column":37},"end":{"line":11,"column":41}}],"line":11},"5":{"loc":{"start":{"line":15,"column":35},"end":{"line":15,"column":63}},"type":"default-arg","locations":[{"start":{"line":15,"column":49},"end":{"line":15,"column":63}}],"line":15},"6":{"loc":{"start":{"line":16,"column":18},"end":{"line":16,"column":94}},"type":"cond-expr","locations":[{"start":{"line":16,"column":51},"end":{"line":16,"column":70}},{"start":{"line":16,"column":73},"end":{"line":16,"column":94}}],"line":16},"7":{"loc":{"start":{"line":21,"column":29},"end":{"line":21,"column":57}},"type":"default-arg","locations":[{"start":{"line":21,"column":43},"end":{"line":21,"column":57}}],"line":21},"8":{"loc":{"start":{"line":22,"column":18},"end":{"line":22,"column":94}},"type":"cond-expr","locations":[{"start":{"line":22,"column":51},"end":{"line":22,"column":70}},{"start":{"line":22,"column":73},"end":{"line":22,"column":94}}],"line":22},"9":{"loc":{"start":{"line":27,"column":32},"end":{"line":27,"column":60}},"type":"default-arg","locations":[{"start":{"line":27,"column":46},"end":{"line":27,"column":60}}],"line":27},"10":{"loc":{"start":{"line":28,"column":18},"end":{"line":28,"column":94}},"type":"cond-expr","locations":[{"start":{"line":28,"column":51},"end":{"line":28,"column":70}},{"start":{"line":28,"column":73},"end":{"line":28,"column":94}}],"line":28},"11":{"loc":{"start":{"line":33,"column":30},"end":{"line":33,"column":58}},"type":"default-arg","locations":[{"start":{"line":33,"column":44},"end":{"line":33,"column":58}}],"line":33},"12":{"loc":{"start":{"line":34,"column":18},"end":{"line":34,"column":94}},"type":"cond-expr","locations":[{"start":{"line":34,"column":51},"end":{"line":34,"column":70}},{"start":{"line":34,"column":73},"end":{"line":34,"column":94}}],"line":34},"13":{"loc":{"start":{"line":39,"column":22},"end":{"line":39,"column":54}},"type":"cond-expr","locations":[{"start":{"line":39,"column":30},"end":{"line":39,"column":47}},{"start":{"line":39,"column":50},"end":{"line":39,"column":54}}],"line":39}},"s":{"0":0,"1":0,"2":0,"3":0,"4":0,"5":0,"6":0,"7":0,"8":0,"9":0,"10":0,"11":0,"12":0,"13":0,"14":0,"15":0,"16":0,"17":0,"18":0},"f":{"0":0,"1":0,"2":0,"3":0,"4":0,"5":0},"b":{"0":[0],"1":[0,0],"2":[0],"3":[0,0],"4":[0,0],"5":[0],"6":[0,0],"7":[0],"8":[0,0],"9":[0],"10":[0,0],"11":[0],"12":[0,0],"13":[0,0]},"_coverageSchema":"1a1c01bbd47fc00a2c39e90264f33305004495a9","hash":"cb7c6a3454a607c786e6ef92e265ae582a547228"}
,"G:\\jty\\toolkit\\src\\crypto\\index.ts": {"path":"G:\\jty\\toolkit\\src\\crypto\\index.ts","statementMap":{"0":{"start":{"line":9,"column":14},"end":{"line":9,"column":43}},"1":{"start":{"line":10,"column":13},"end":{"line":10,"column":41}},"2":{"start":{"line":12,"column":14},"end":{"line":16,"column":3}},"3":{"start":{"line":17,"column":18},"end":{"line":20,"column":3}},"4":{"start":{"line":18,"column":16},"end":{"line":18,"column":36}},"5":{"start":{"line":19,"column":4},"end":{"line":19,"column":57}},"6":{"start":{"line":21,"column":18},"end":{"line":23,"column":3}},"7":{"start":{"line":22,"column":4},"end":{"line":22,"column":75}},"8":{"start":{"line":24,"column":2},"end":{"line":27,"column":3}}},"fnMap":{"0":{"name":"createCrypto","decl":{"start":{"line":5,"column":16},"end":{"line":5,"column":28}},"loc":{"start":{"line":8,"column":2},"end":{"line":28,"column":1}},"line":8},"1":{"name":"(anonymous_1)","decl":{"start":{"line":17,"column":18},"end":{"line":17,"column":19}},"loc":{"start":{"line":17,"column":36},"end":{"line":20,"column":3}},"line":17},"2":{"name":"(anonymous_2)","decl":{"start":{"line":21,"column":18},"end":{"line":21,"column":19}},"loc":{"start":{"line":21,"column":36},"end":{"line":23,"column":3}},"line":21}},"branchMap":{"0":{"loc":{"start":{"line":6,"column":2},"end":{"line":6,"column":35}},"type":"default-arg","locations":[{"start":{"line":6,"column":17},"end":{"line":6,"column":35}}],"line":6},"1":{"loc":{"start":{"line":7,"column":2},"end":{"line":7,"column":34}},"type":"default-arg","locations":[{"start":{"line":7,"column":16},"end":{"line":7,"column":34}}],"line":7}},"s":{"0":0,"1":0,"2":0,"3":0,"4":0,"5":0,"6":0,"7":0,"8":0},"f":{"0":0,"1":0,"2":0},"b":{"0":[0],"1":[0]},"_coverageSchema":"1a1c01bbd47fc00a2c39e90264f33305004495a9","hash":"a26b338946d9b25f93d2134bedd713e82ed60cbb"}
,"G:\\jty\\toolkit\\src\\date\\index.ts": {"path":"G:\\jty\\toolkit\\src\\date\\index.ts","statementMap":{"0":{"start":{"line":4,"column":0},"end":{"line":4,"column":22}},"1":{"start":{"line":5,"column":0},"end":{"line":5,"column":22}},"2":{"start":{"line":7,"column":25},"end":{"line":7,"column":46}},"3":{"start":{"line":8,"column":20},"end":{"line":8,"column":32}},"4":{"start":{"line":14,"column":2},"end":{"line":14,"column":35}},"5":{"start":{"line":21,"column":2},"end":{"line":21,"column":35}},"6":{"start":{"line":29,"column":2},"end":{"line":29,"column":36}},"7":{"start":{"line":33,"column":20},"end":{"line":40,"column":1}},"8":{"start":{"line":37,"column":12},"end":{"line":37,"column":24}},"9":{"start":{"line":38,"column":12},"end":{"line":38,"column":24}},"10":{"start":{"line":39,"column":2},"end":{"line":39,"column":34}}},"fnMap":{"0":{"name":"formatToDateTime","decl":{"start":{"line":10,"column":16},"end":{"line":10,"column":32}},"loc":{"start":{"line":13,"column":10},"end":{"line":15,"column":1}},"line":13},"1":{"name":"formatToDate","decl":{"start":{"line":17,"column":16},"end":{"line":17,"column":28}},"loc":{"start":{"line":20,"column":10},"end":{"line":22,"column":1}},"line":20},"2":{"name":"subtractDate","decl":{"start":{"line":25,"column":16},"end":{"line":25,"column":28}},"loc":{"start":{"line":28,"column":2},"end":{"line":30,"column":1}},"line":28},"3":{"name":"(anonymous_3)","decl":{"start":{"line":33,"column":20},"end":{"line":33,"column":21}},"loc":{"start":{"line":36,"column":5},"end":{"line":40,"column":1}},"line":36}},"branchMap":{"0":{"loc":{"start":{"line":11,"column":2},"end":{"line":11,"column":68}},"type":"default-arg","locations":[{"start":{"line":11,"column":59},"end":{"line":11,"column":68}}],"line":11},"1":{"loc":{"start":{"line":12,"column":2},"end":{"line":12,"column":27}},"type":"default-arg","locations":[{"start":{"line":12,"column":11},"end":{"line":12,"column":27}}],"line":12},"2":{"loc":{"start":{"line":18,"column":2},"end":{"line":18,"column":62}},"type":"default-arg","locations":[{"start":{"line":18,"column":53},"end":{"line":18,"column":62}}],"line":18},"3":{"loc":{"start":{"line":19,"column":2},"end":{"line":19,"column":22}},"type":"default-arg","locations":[{"start":{"line":19,"column":11},"end":{"line":19,"column":22}}],"line":19},"4":{"loc":{"start":{"line":27,"column":2},"end":{"line":27,"column":71}},"type":"default-arg","locations":[{"start":{"line":27,"column":66},"end":{"line":27,"column":71}}],"line":27}},"s":{"0":4,"1":4,"2":4,"3":4,"4":1,"5":1,"6":1,"7":4,"8":1,"9":1,"10":1},"f":{"0":1,"1":1,"2":1,"3":1},"b":{"0":[0],"1":[1],"2":[0],"3":[1],"4":[0]},"_coverageSchema":"1a1c01bbd47fc00a2c39e90264f33305004495a9","hash":"d50e207b4bcb577b790b0497efb458e4db9fdaaf"}
,"G:\\jty\\toolkit\\src\\net\\index.ts": {"path":"G:\\jty\\toolkit\\src\\net\\index.ts","statementMap":{"0":{"start":{"line":10,"column":27},"end":{"line":57,"column":1}},"1":{"start":{"line":16,"column":2},"end":{"line":56,"column":4}},"2":{"start":{"line":19,"column":4},"end":{"line":25,"column":5}},"3":{"start":{"line":21,"column":6},"end":{"line":21,"column":36}},"4":{"start":{"line":24,"column":6},"end":{"line":24,"column":54}},"5":{"start":{"line":28,"column":4},"end":{"line":28,"column":64}},"6":{"start":{"line":29,"column":4},"end":{"line":33,"column":5}},"7":{"start":{"line":30,"column":6},"end":{"line":32,"column":8}},"8":{"start":{"line":31,"column":8},"end":{"line":31,"column":49}},"9":{"start":{"line":35,"column":4},"end":{"line":50,"column":5}},"10":{"start":{"line":36,"column":6},"end":{"line":49,"column":7}},"11":{"start":{"line":37,"column":8},"end":{"line":48,"column":9}},"12":{"start":{"line":38,"column":23},"end":{"line":38,"column":55}},"13":{"start":{"line":39,"column":10},"end":{"line":43,"column":12}},"14":{"start":{"line":44,"column":15},"end":{"line":48,"column":9}},"15":{"start":{"line":45,"column":10},"end":{"line":45,"column":47}},"16":{"start":{"line":47,"column":10},"end":{"line":47,"column":50}},"17":{"start":{"line":52,"column":4},"end":{"line":52,"column":35}},"18":{"start":{"line":54,"column":20},"end":{"line":54,"column":40}},"19":{"start":{"line":55,"column":4},"end":{"line":55,"column":25}},"20":{"start":{"line":88,"column":2},"end":{"line":121,"column":4}},"21":{"start":{"line":90,"column":33},"end":{"line":90,"column":62}},"22":{"start":{"line":93,"column":24},"end":{"line":93,"column":51}},"23":{"start":{"line":94,"column":4},"end":{"line":94,"column":55}},"24":{"start":{"line":97,"column":19},"end":{"line":97,"column":51}},"25":{"start":{"line":98,"column":4},"end":{"line":98,"column":51}},"26":{"start":{"line":99,"column":4},"end":{"line":99,"column":23}},"27":{"start":{"line":100,"column":4},"end":{"line":100,"column":18}},"28":{"start":{"line":102,"column":4},"end":{"line":105,"column":5}},"29":{"start":{"line":103,"column":6},"end":{"line":103,"column":19}},"30":{"start":{"line":104,"column":6},"end":{"line":104,"column":15}},"31":{"start":{"line":108,"column":4},"end":{"line":111,"column":5}},"32":{"start":{"line":109,"column":6},"end":{"line":109,"column":47}},"33":{"start":{"line":110,"column":6},"end":{"line":110,"column":15}},"34":{"start":{"line":115,"column":6},"end":{"line":115,"column":41}},"35":{"start":{"line":116,"column":6},"end":{"line":116,"column":39}},"36":{"start":{"line":120,"column":4},"end":{"line":120,"column":37}},"37":{"start":{"line":133,"column":19},"end":{"line":133,"column":68}},"38":{"start":{"line":134,"column":15},"end":{"line":134,"column":79}},"39":{"start":{"line":136,"column":18},"end":{"line":136,"column":50}},"40":{"start":{"line":137,"column":19},"end":{"line":137,"column":46}},"41":{"start":{"line":138,"column":2},"end":{"line":138,"column":33}},"42":{"start":{"line":139,"column":2},"end":{"line":139,"column":25}},"43":{"start":{"line":140,"column":2},"end":{"line":140,"column":45}},"44":{"start":{"line":141,"column":2},"end":{"line":143,"column":3}},"45":{"start":{"line":142,"column":4},"end":{"line":142,"column":45}},"46":{"start":{"line":144,"column":2},"end":{"line":144,"column":37}},"47":{"start":{"line":145,"column":2},"end":{"line":145,"column":18}},"48":{"start":{"line":146,"column":2},"end":{"line":146,"column":37}},"49":{"start":{"line":147,"column":2},"end":{"line":147,"column":37}}},"fnMap":{"0":{"name":"(anonymous_0)","decl":{"start":{"line":10,"column":27},"end":{"line":10,"column":28}},"loc":{"start":{"line":15,"column":29},"end":{"line":57,"column":1}},"line":15},"1":{"name":"(anonymous_1)","decl":{"start":{"line":16,"column":21},"end":{"line":16,"column":22}},"loc":{"start":{"line":16,"column":42},"end":{"line":56,"column":3}},"line":16},"2":{"name":"(anonymous_2)","decl":{"start":{"line":30,"column":33},"end":{"line":30,"column":34}},"loc":{"start":{"line":30,"column":42},"end":{"line":32,"column":7}},"line":30},"3":{"name":"(anonymous_3)","decl":{"start":{"line":35,"column":33},"end":{"line":35,"column":34}},"loc":{"start":{"line":35,"column":45},"end":{"line":50,"column":5}},"line":35},"4":{"name":"sendJSONPRequest","decl":{"start":{"line":83,"column":16},"end":{"line":83,"column":32}},"loc":{"start":{"line":87,"column":2},"end":{"line":122,"column":1}},"line":87},"5":{"name":"(anonymous_5)","decl":{"start":{"line":88,"column":21},"end":{"line":88,"column":22}},"loc":{"start":{"line":88,"column":42},"end":{"line":121,"column":3}},"line":88},"6":{"name":"(anonymous_6)","decl":{"start":{"line":102,"column":35},"end":{"line":102,"column":36}},"loc":{"start":{"line":102,"column":50},"end":{"line":105,"column":5}},"line":102},"7":{"name":"(anonymous_7)","decl":{"start":{"line":108,"column":21},"end":{"line":108,"column":22}},"loc":{"start":{"line":108,"column":27},"end":{"line":111,"column":5}},"line":108},"8":{"name":"cleanup","decl":{"start":{"line":114,"column":13},"end":{"line":114,"column":20}},"loc":{"start":{"line":114,"column":23},"end":{"line":117,"column":5}},"line":114},"9":{"name":"downloadByData","decl":{"start":{"line":132,"column":16},"end":{"line":132,"column":30}},"loc":{"start":{"line":132,"column":96},"end":{"line":148,"column":1}},"line":132}},"branchMap":{"0":{"loc":{"start":{"line":19,"column":4},"end":{"line":25,"column":5}},"type":"if","locations":[{"start":{"line":19,"column":4},"end":{"line":25,"column":5}},{"start":{"line":22,"column":11},"end":{"line":25,"column":5}}],"line":19},"1":{"loc":{"start":{"line":29,"column":4},"end":{"line":33,"column":5}},"type":"if","locations":[{"start":{"line":29,"column":4},"end":{"line":33,"column":5}},{"start":{},"end":{}}],"line":29},"2":{"loc":{"start":{"line":36,"column":6},"end":{"line":49,"column":7}},"type":"if","locations":[{"start":{"line":36,"column":6},"end":{"line":49,"column":7}},{"start":{},"end":{}}],"line":36},"3":{"loc":{"start":{"line":37,"column":8},"end":{"line":48,"column":9}},"type":"if","locations":[{"start":{"line":37,"column":8},"end":{"line":48,"column":9}},{"start":{"line":44,"column":15},"end":{"line":48,"column":9}}],"line":37},"4":{"loc":{"start":{"line":44,"column":15},"end":{"line":48,"column":9}},"type":"if","locations":[{"start":{"line":44,"column":15},"end":{"line":48,"column":9}},{"start":{"line":46,"column":15},"end":{"line":48,"column":9}}],"line":44},"5":{"loc":{"start":{"line":85,"column":2},"end":{"line":85,"column":13}},"type":"default-arg","locations":[{"start":{"line":85,"column":11},"end":{"line":85,"column":13}}],"line":85},"6":{"loc":{"start":{"line":86,"column":2},"end":{"line":86,"column":27}},"type":"default-arg","locations":[{"start":{"line":86,"column":17},"end":{"line":86,"column":27}}],"line":86},"7":{"loc":{"start":{"line":133,"column":19},"end":{"line":133,"column":68}},"type":"cond-expr","locations":[{"start":{"line":133,"column":48},"end":{"line":133,"column":59}},{"start":{"line":133,"column":62},"end":{"line":133,"column":68}}],"line":133},"8":{"loc":{"start":{"line":134,"column":42},"end":{"line":134,"column":76}},"type":"binary-expr","locations":[{"start":{"line":134,"column":42},"end":{"line":134,"column":46}},{"start":{"line":134,"column":50},"end":{"line":134,"column":76}}],"line":134},"9":{"loc":{"start":{"line":141,"column":2},"end":{"line":143,"column":3}},"type":"if","locations":[{"start":{"line":141,"column":2},"end":{"line":143,"column":3}},{"start":{},"end":{}}],"line":141}},"s":{"0":4,"1":0,"2":0,"3":0,"4":0,"5":0,"6":0,"7":0,"8":0,"9":0,"10":0,"11":0,"12":0,"13":0,"14":0,"15":0,"16":0,"17":0,"18":0,"19":0,"20":0,"21":0,"22":0,"23":0,"24":0,"25":0,"26":0,"27":0,"28":0,"29":0,"30":0,"31":0,"32":0,"33":0,"34":0,"35":0,"36":0,"37":0,"38":0,"39":0,"40":0,"41":0,"42":0,"43":0,"44":0,"45":0,"46":0,"47":0,"48":0,"49":0},"f":{"0":0,"1":0,"2":0,"3":0,"4":0,"5":0,"6":0,"7":0,"8":0,"9":0},"b":{"0":[0,0],"1":[0,0],"2":[0,0],"3":[0,0],"4":[0,0],"5":[0],"6":[0],"7":[0,0],"8":[0,0],"9":[0,0]},"_coverageSchema":"1a1c01bbd47fc00a2c39e90264f33305004495a9","hash":"86bc6f2e868164ae8c403d4a8d4f34cfa11e7af3"}
,"G:\\jty\\toolkit\\src\\uuid\\index.ts": {"path":"G:\\jty\\toolkit\\src\\uuid\\index.ts","statementMap":{"0":{"start":{"line":1,"column":26},"end":{"line":1,"column":28}},"1":{"start":{"line":2,"column":0},"end":{"line":4,"column":1}},"2":{"start":{"line":2,"column":13},"end":{"line":2,"column":14}},"3":{"start":{"line":3,"column":2},"end":{"line":3,"column":29}},"4":{"start":{"line":7,"column":13},"end":{"line":7,"column":15}},"5":{"start":{"line":8,"column":2},"end":{"line":18,"column":3}},"6":{"start":{"line":8,"column":15},"end":{"line":8,"column":16}},"7":{"start":{"line":9,"column":4},"end":{"line":17,"column":5}},"8":{"start":{"line":10,"column":6},"end":{"line":10,"column":17}},"9":{"start":{"line":11,"column":11},"end":{"line":17,"column":5}},"10":{"start":{"line":12,"column":6},"end":{"line":12,"column":15}},"11":{"start":{"line":13,"column":11},"end":{"line":17,"column":5}},"12":{"start":{"line":14,"column":6},"end":{"line":14,"column":46}},"13":{"start":{"line":16,"column":6},"end":{"line":16,"column":47}},"14":{"start":{"line":19,"column":2},"end":{"line":19,"column":31}},"15":{"start":{"line":22,"column":13},"end":{"line":22,"column":14}},"16":{"start":{"line":24,"column":15},"end":{"line":24,"column":25}},"17":{"start":{"line":25,"column":17},"end":{"line":25,"column":55}},"18":{"start":{"line":26,"column":2},"end":{"line":26,"column":10}},"19":{"start":{"line":27,"column":2},"end":{"line":27,"column":54}}},"fnMap":{"0":{"name":"buildUUID","decl":{"start":{"line":6,"column":16},"end":{"line":6,"column":25}},"loc":{"start":{"line":6,"column":36},"end":{"line":20,"column":1}},"line":6},"1":{"name":"buildShortUUID","decl":{"start":{"line":23,"column":16},"end":{"line":23,"column":30}},"loc":{"start":{"line":23,"column":52},"end":{"line":28,"column":1}},"line":23}},"branchMap":{"0":{"loc":{"start":{"line":9,"column":4},"end":{"line":17,"column":5}},"type":"if","locations":[{"start":{"line":9,"column":4},"end":{"line":17,"column":5}},{"start":{"line":11,"column":11},"end":{"line":17,"column":5}}],"line":9},"1":{"loc":{"start":{"line":9,"column":8},"end":{"line":9,"column":51}},"type":"binary-expr","locations":[{"start":{"line":9,"column":8},"end":{"line":9,"column":15}},{"start":{"line":9,"column":19},"end":{"line":9,"column":27}},{"start":{"line":9,"column":31},"end":{"line":9,"column":39}},{"start":{"line":9,"column":43},"end":{"line":9,"column":51}}],"line":9},"2":{"loc":{"start":{"line":11,"column":11},"end":{"line":17,"column":5}},"type":"if","locations":[{"start":{"line":11,"column":11},"end":{"line":17,"column":5}},{"start":{"line":13,"column":11},"end":{"line":17,"column":5}}],"line":11},"3":{"loc":{"start":{"line":13,"column":11},"end":{"line":17,"column":5}},"type":"if","locations":[{"start":{"line":13,"column":11},"end":{"line":17,"column":5}},{"start":{"line":15,"column":11},"end":{"line":17,"column":5}}],"line":13},"4":{"loc":{"start":{"line":23,"column":31},"end":{"line":23,"column":42}},"type":"default-arg","locations":[{"start":{"line":23,"column":40},"end":{"line":23,"column":42}}],"line":23}},"s":{"0":4,"1":4,"2":4,"3":64,"4":3,"5":3,"6":3,"7":108,"8":12,"9":96,"10":3,"11":93,"12":3,"13":90,"14":3,"15":4,"16":4,"17":4,"18":4,"19":4},"f":{"0":3,"1":4},"b":{"0":[12,96],"1":[108,105,102,99],"2":[3,93],"3":[3,90],"4":[3]},"_coverageSchema":"1a1c01bbd47fc00a2c39e90264f33305004495a9","hash":"262ef6bdd0faf84e1cd3beaf365bfd0207549bff"}
,"G:\\jty\\toolkit\\src\\validate\\index.ts": {"path":"G:\\jty\\toolkit\\src\\validate\\index.ts","statementMap":{},"fnMap":{},"branchMap":{},"s":{},"f":{},"b":{},"_coverageSchema":"1a1c01bbd47fc00a2c39e90264f33305004495a9","hash":"d8e123ba06088831bd91b4b4591a89f523d32b8c"}
,"G:\\jty\\toolkit\\src\\validate\\is.ts": {"path":"G:\\jty\\toolkit\\src\\validate\\is.ts","statementMap":{"0":{"start":{"line":10,"column":2},"end":{"line":10,"column":38}},"1":{"start":{"line":11,"column":14},"end":{"line":11,"column":25}},"2":{"start":{"line":12,"column":2},"end":{"line":22,"column":3}},"3":{"start":{"line":13,"column":19},"end":{"line":13,"column":72}},"4":{"start":{"line":14,"column":18},"end":{"line":14,"column":73}},"5":{"start":{"line":15,"column":14},"end":{"line":15,"column":15}},"6":{"start":{"line":17,"column":4},"end":{"line":19,"column":5}},"7":{"start":{"line":18,"column":6},"end":{"line":18,"column":39}},"8":{"start":{"line":20,"column":22},"end":{"line":20,"column":37}},"9":{"start":{"line":21,"column":4},"end":{"line":21,"column":62}},"10":{"start":{"line":23,"column":2},"end":{"line":23,"column":14}},"11":{"start":{"line":27,"column":2},"end":{"line":38,"column":3}},"12":{"start":{"line":28,"column":19},"end":{"line":28,"column":72}},"13":{"start":{"line":29,"column":18},"end":{"line":29,"column":73}},"14":{"start":{"line":30,"column":14},"end":{"line":30,"column":15}},"15":{"start":{"line":32,"column":4},"end":{"line":32,"column":58}},"16":{"start":{"line":33,"column":4},"end":{"line":35,"column":5}},"17":{"start":{"line":34,"column":6},"end":{"line":34,"column":39}},"18":{"start":{"line":36,"column":22},"end":{"line":36,"column":37}},"19":{"start":{"line":37,"column":4},"end":{"line":37,"column":27}},"20":{"start":{"line":39,"column":2},"end":{"line":39,"column":13}},"21":{"start":{"line":46,"column":16},"end":{"line":82,"column":3}},"22":{"start":{"line":84,"column":14},"end":{"line":84,"column":45}},"23":{"start":{"line":85,"column":2},"end":{"line":87,"column":3}},"24":{"start":{"line":86,"column":4},"end":{"line":86,"column":16}},"25":{"start":{"line":89,"column":23},"end":{"line":89,"column":45}},"26":{"start":{"line":90,"column":2},"end":{"line":90,"column":52}},"27":{"start":{"line":90,"column":40},"end":{"line":90,"column":52}},"28":{"start":{"line":92,"column":2},"end":{"line":92,"column":37}},"29":{"start":{"line":96,"column":17},"end":{"line":96,"column":42}},"30":{"start":{"line":99,"column":2},"end":{"line":99,"column":50}},"31":{"start":{"line":103,"column":2},"end":{"line":103,"column":35}},"32":{"start":{"line":107,"column":2},"end":{"line":107,"column":20}},"33":{"start":{"line":111,"column":2},"end":{"line":111,"column":42}},"34":{"start":{"line":115,"column":2},"end":{"line":115,"column":37}},"35":{"start":{"line":118,"column":2},"end":{"line":118,"column":34}},"36":{"start":{"line":121,"column":2},"end":{"line":123,"column":3}},"37":{"start":{"line":122,"column":4},"end":{"line":122,"column":27}},"38":{"start":{"line":125,"column":2},"end":{"line":127,"column":3}},"39":{"start":{"line":126,"column":4},"end":{"line":126,"column":25}},"40":{"start":{"line":129,"column":2},"end":{"line":131,"column":3}},"41":{"start":{"line":130,"column":4},"end":{"line":130,"column":40}},"42":{"start":{"line":133,"column":2},"end":{"line":133,"column":14}},"43":{"start":{"line":137,"column":2},"end":{"line":137,"column":24}},"44":{"start":{"line":141,"column":2},"end":{"line":141,"column":21}},"45":{"start":{"line":145,"column":2},"end":{"line":145,"column":36}},"46":{"start":{"line":148,"column":2},"end":{"line":148,"column":59}},"47":{"start":{"line":152,"column":2},"end":{"line":152,"column":36}},"48":{"start":{"line":156,"column":2},"end":{"line":156,"column":26}},"49":{"start":{"line":160,"column":2},"end":{"line":165,"column":3}},"50":{"start":{"line":169,"column":2},"end":{"line":169,"column":26}},"51":{"start":{"line":173,"column":2},"end":{"line":173,"column":34}},"52":{"start":{"line":177,"column":2},"end":{"line":177,"column":27}},"53":{"start":{"line":181,"column":2},"end":{"line":181,"column":26}},"54":{"start":{"line":185,"column":2},"end":{"line":185,"column":34}},"55":{"start":{"line":189,"column":2},"end":{"line":189,"column":59}},"56":{"start":{"line":193,"column":2},"end":{"line":193,"column":39}},"57":{"start":{"line":197,"column":2},"end":{"line":197,"column":23}},"58":{"start":{"line":202,"column":4},"end":{"line":202,"column":199}},"59":{"start":{"line":203,"column":2},"end":{"line":203,"column":23}},"60":{"start":{"line":206,"column":24},"end":{"line":206,"column":53}},"61":{"start":{"line":208,"column":24},"end":{"line":208,"column":33}}},"fnMap":{"0":{"name":"checkParity","decl":{"start":{"line":8,"column":9},"end":{"line":8,"column":20}},"loc":{"start":{"line":8,"column":27},"end":{"line":24,"column":1}},"line":8},"1":{"name":"changeFifteenToEighteen","decl":{"start":{"line":26,"column":9},"end":{"line":26,"column":32}},"loc":{"start":{"line":26,"column":39},"end":{"line":40,"column":1}},"line":26},"2":{"name":"validateRealIdCard","decl":{"start":{"line":45,"column":16},"end":{"line":45,"column":34}},"loc":{"start":{"line":45,"column":43},"end":{"line":93,"column":1}},"line":45},"3":{"name":"is","decl":{"start":{"line":98,"column":16},"end":{"line":98,"column":18}},"loc":{"start":{"line":98,"column":47},"end":{"line":100,"column":1}},"line":98},"4":{"name":"isDef","decl":{"start":{"line":102,"column":16},"end":{"line":102,"column":21}},"loc":{"start":{"line":102,"column":54},"end":{"line":104,"column":1}},"line":102},"5":{"name":"isUnDef","decl":{"start":{"line":106,"column":16},"end":{"line":106,"column":23}},"loc":{"start":{"line":106,"column":56},"end":{"line":108,"column":1}},"line":106},"6":{"name":"isObject","decl":{"start":{"line":110,"column":16},"end":{"line":110,"column":24}},"loc":{"start":{"line":110,"column":60},"end":{"line":112,"column":1}},"line":110},"7":{"name":"isNotEmpty","decl":{"start":{"line":114,"column":16},"end":{"line":114,"column":26}},"loc":{"start":{"line":114,"column":46},"end":{"line":116,"column":1}},"line":114},"8":{"name":"isValidParams","decl":{"start":{"line":117,"column":16},"end":{"line":117,"column":29}},"loc":{"start":{"line":117,"column":61},"end":{"line":119,"column":1}},"line":117},"9":{"name":"isEmpty","decl":{"start":{"line":120,"column":16},"end":{"line":120,"column":23}},"loc":{"start":{"line":120,"column":55},"end":{"line":134,"column":1}},"line":120},"10":{"name":"isDate","decl":{"start":{"line":136,"column":16},"end":{"line":136,"column":22}},"loc":{"start":{"line":136,"column":50},"end":{"line":138,"column":1}},"line":136},"11":{"name":"isNull","decl":{"start":{"line":140,"column":16},"end":{"line":140,"column":22}},"loc":{"start":{"line":140,"column":50},"end":{"line":142,"column":1}},"line":140},"12":{"name":"isNullAndUnDef","decl":{"start":{"line":144,"column":16},"end":{"line":144,"column":30}},"loc":{"start":{"line":144,"column":70},"end":{"line":146,"column":1}},"line":144},"13":{"name":"isValidValue","decl":{"start":{"line":147,"column":16},"end":{"line":147,"column":28}},"loc":{"start":{"line":147,"column":48},"end":{"line":149,"column":1}},"line":147},"14":{"name":"isNullOrUnDef","decl":{"start":{"line":151,"column":16},"end":{"line":151,"column":29}},"loc":{"start":{"line":151,"column":69},"end":{"line":153,"column":1}},"line":151},"15":{"name":"isNumber","decl":{"start":{"line":155,"column":16},"end":{"line":155,"column":24}},"loc":{"start":{"line":155,"column":54},"end":{"line":157,"column":1}},"line":155},"16":{"name":"isPromise","decl":{"start":{"line":159,"column":16},"end":{"line":159,"column":25}},"loc":{"start":{"line":159,"column":68},"end":{"line":166,"column":1}},"line":159},"17":{"name":"isString","decl":{"start":{"line":168,"column":16},"end":{"line":168,"column":24}},"loc":{"start":{"line":168,"column":54},"end":{"line":170,"column":1}},"line":168},"18":{"name":"isFunction","decl":{"start":{"line":172,"column":16},"end":{"line":172,"column":26}},"loc":{"start":{"line":172,"column":41},"end":{"line":174,"column":1}},"line":172},"19":{"name":"isBoolean","decl":{"start":{"line":176,"column":16},"end":{"line":176,"column":25}},"loc":{"start":{"line":176,"column":56},"end":{"line":178,"column":1}},"line":176},"20":{"name":"isRegExp","decl":{"start":{"line":180,"column":16},"end":{"line":180,"column":24}},"loc":{"start":{"line":180,"column":54},"end":{"line":182,"column":1}},"line":180},"21":{"name":"isArray","decl":{"start":{"line":184,"column":16},"end":{"line":184,"column":23}},"loc":{"start":{"line":184,"column":53},"end":{"line":186,"column":1}},"line":184},"22":{"name":"isWindow","decl":{"start":{"line":188,"column":16},"end":{"line":188,"column":24}},"loc":{"start":{"line":188,"column":50},"end":{"line":190,"column":1}},"line":188},"23":{"name":"isElement","decl":{"start":{"line":192,"column":16},"end":{"line":192,"column":25}},"loc":{"start":{"line":192,"column":56},"end":{"line":194,"column":1}},"line":192},"24":{"name":"isMap","decl":{"start":{"line":196,"column":16},"end":{"line":196,"column":21}},"loc":{"start":{"line":196,"column":58},"end":{"line":198,"column":1}},"line":196},"25":{"name":"isUrl","decl":{"start":{"line":200,"column":16},"end":{"line":200,"column":21}},"loc":{"start":{"line":200,"column":45},"end":{"line":204,"column":1}},"line":200}},"branchMap":{"0":{"loc":{"start":{"line":12,"column":2},"end":{"line":22,"column":3}},"type":"if","locations":[{"start":{"line":12,"column":2},"end":{"line":22,"column":3}},{"start":{},"end":{}}],"line":12},"1":{"loc":{"start":{"line":27,"column":2},"end":{"line":38,"column":3}},"type":"if","locations":[{"start":{"line":27,"column":2},"end":{"line":38,"column":3}},{"start":{},"end":{}}],"line":27},"2":{"loc":{"start":{"line":85,"column":2},"end":{"line":87,"column":3}},"type":"if","locations":[{"start":{"line":85,"column":2},"end":{"line":87,"column":3}},{"start":{},"end":{}}],"line":85},"3":{"loc":{"start":{"line":90,"column":2},"end":{"line":90,"column":52}},"type":"if","locations":[{"start":{"line":90,"column":2},"end":{"line":90,"column":52}},{"start":{},"end":{}}],"line":90},"4":{"loc":{"start":{"line":111,"column":9},"end":{"line":111,"column":42}},"type":"binary-expr","locations":[{"start":{"line":111,"column":9},"end":{"line":111,"column":21}},{"start":{"line":111,"column":25},"end":{"line":111,"column":42}}],"line":111},"5":{"loc":{"start":{"line":115,"column":9},"end":{"line":115,"column":37}},"type":"binary-expr","locations":[{"start":{"line":115,"column":9},"end":{"line":115,"column":20}},{"start":{"line":115,"column":24},"end":{"line":115,"column":37}}],"line":115},"6":{"loc":{"start":{"line":121,"column":2},"end":{"line":123,"column":3}},"type":"if","locations":[{"start":{"line":121,"column":2},"end":{"line":123,"column":3}},{"start":{},"end":{}}],"line":121},"7":{"loc":{"start":{"line":121,"column":6},"end":{"line":121,"column":35}},"type":"binary-expr","locations":[{"start":{"line":121,"column":6},"end":{"line":121,"column":18}},{"start":{"line":121,"column":22},"end":{"line":121,"column":35}}],"line":121},"8":{"loc":{"start":{"line":125,"column":2},"end":{"line":127,"column":3}},"type":"if","locations":[{"start":{"line":125,"column":2},"end":{"line":127,"column":3}},{"start":{},"end":{}}],"line":125},"9":{"loc":{"start":{"line":125,"column":6},"end":{"line":125,"column":46}},"type":"binary-expr","locations":[{"start":{"line":125,"column":6},"end":{"line":125,"column":24}},{"start":{"line":125,"column":28},"end":{"line":125,"column":46}}],"line":125},"10":{"loc":{"start":{"line":129,"column":2},"end":{"line":131,"column":3}},"type":"if","locations":[{"start":{"line":129,"column":2},"end":{"line":131,"column":3}},{"start":{},"end":{}}],"line":129},"11":{"loc":{"start":{"line":145,"column":9},"end":{"line":145,"column":36}},"type":"binary-expr","locations":[{"start":{"line":145,"column":9},"end":{"line":145,"column":21}},{"start":{"line":145,"column":25},"end":{"line":145,"column":36}}],"line":145},"12":{"loc":{"start":{"line":148,"column":9},"end":{"line":148,"column":59}},"type":"binary-expr","locations":[{"start":{"line":148,"column":9},"end":{"line":148,"column":21}},{"start":{"line":148,"column":25},"end":{"line":148,"column":42}},{"start":{"line":148,"column":46},"end":{"line":148,"column":59}}],"line":148},"13":{"loc":{"start":{"line":152,"column":9},"end":{"line":152,"column":36}},"type":"binary-expr","locations":[{"start":{"line":152,"column":9},"end":{"line":152,"column":21}},{"start":{"line":152,"column":25},"end":{"line":152,"column":36}}],"line":152},"14":{"loc":{"start":{"line":161,"column":4},"end":{"line":164,"column":25}},"type":"binary-expr","locations":[{"start":{"line":161,"column":4},"end":{"line":161,"column":22}},{"start":{"line":162,"column":4},"end":{"line":162,"column":17}},{"start":{"line":163,"column":4},"end":{"line":163,"column":24}},{"start":{"line":164,"column":4},"end":{"line":164,"column":25}}],"line":161},"15":{"loc":{"start":{"line":185,"column":9},"end":{"line":185,"column":34}},"type":"binary-expr","locations":[{"start":{"line":185,"column":9},"end":{"line":185,"column":12}},{"start":{"line":185,"column":16},"end":{"line":185,"column":34}}],"line":185},"16":{"loc":{"start":{"line":189,"column":9},"end":{"line":189,"column":59}},"type":"binary-expr","locations":[{"start":{"line":189,"column":9},"end":{"line":189,"column":38}},{"start":{"line":189,"column":42},"end":{"line":189,"column":59}}],"line":189},"17":{"loc":{"start":{"line":193,"column":9},"end":{"line":193,"column":39}},"type":"binary-expr","locations":[{"start":{"line":193,"column":9},"end":{"line":193,"column":22}},{"start":{"line":193,"column":26},"end":{"line":193,"column":39}}],"line":193}},"s":{"0":2,"1":2,"2":2,"3":2,"4":2,"5":2,"6":2,"7":34,"8":2,"9":2,"10":0,"11":2,"12":0,"13":0,"14":0,"15":0,"16":0,"17":0,"18":0,"19":0,"20":2,"21":2,"22":2,"23":2,"24":0,"25":2,"26":2,"27":0,"28":2,"29":4,"30":0,"31":0,"32":0,"33":0,"34":0,"35":0,"36":0,"37":0,"38":0,"39":0,"40":0,"41":0,"42":0,"43":0,"44":0,"45":0,"46":0,"47":0,"48":0,"49":0,"50":0,"51":0,"52":0,"53":0,"54":0,"55":0,"56":0,"57":0,"58":0,"59":0,"60":4,"61":4},"f":{"0":2,"1":2,"2":2,"3":0,"4":0,"5":0,"6":0,"7":0,"8":0,"9":0,"10":0,"11":0,"12":0,"13":0,"14":0,"15":0,"16":0,"17":0,"18":0,"19":0,"20":0,"21":0,"22":0,"23":0,"24":0,"25":0},"b":{"0":[2,0],"1":[0,2],"2":[0,2],"3":[0,2],"4":[0,0],"5":[0,0],"6":[0,0],"7":[0,0],"8":[0,0],"9":[0,0],"10":[0,0],"11":[0,0],"12":[0,0,0],"13":[0,0],"14":[0,0,0,0],"15":[0,0],"16":[0,0],"17":[0,0]},"_coverageSchema":"1a1c01bbd47fc00a2c39e90264f33305004495a9","hash":"73427c864d907daa1ac4e625ceb7f15aa380e41b"}
,"G:\\jty\\toolkit\\src\\validate\\regExp.ts": {"path":"G:\\jty\\toolkit\\src\\validate\\regExp.ts","statementMap":{"0":{"start":{"line":4,"column":31},"end":{"line":7,"column":1}},"1":{"start":{"line":5,"column":14},"end":{"line":5,"column":25}},"2":{"start":{"line":6,"column":2},"end":{"line":6,"column":33}},"3":{"start":{"line":6,"column":22},"end":{"line":6,"column":33}},"4":{"start":{"line":12,"column":16},"end":{"line":12,"column":66}},"5":{"start":{"line":13,"column":2},"end":{"line":13,"column":26}},"6":{"start":{"line":18,"column":16},"end":{"line":18,"column":31}},"7":{"start":{"line":19,"column":2},"end":{"line":19,"column":26}},"8":{"start":{"line":25,"column":4},"end":{"line":25,"column":76}},"9":{"start":{"line":26,"column":2},"end":{"line":26,"column":29}},"10":{"start":{"line":32,"column":4},"end":{"line":32,"column":97}},"11":{"start":{"line":33,"column":2},"end":{"line":33,"column":27}},"12":{"start":{"line":38,"column":16},"end":{"line":38,"column":80}},"13":{"start":{"line":39,"column":2},"end":{"line":39,"column":24}},"14":{"start":{"line":44,"column":16},"end":{"line":44,"column":22}},"15":{"start":{"line":45,"column":2},"end":{"line":45,"column":25}},"16":{"start":{"line":50,"column":16},"end":{"line":50,"column":58}},"17":{"start":{"line":51,"column":2},"end":{"line":51,"column":35}},"18":{"start":{"line":56,"column":16},"end":{"line":56,"column":40}},"19":{"start":{"line":57,"column":2},"end":{"line":57,"column":25}}},"fnMap":{"0":{"name":"(anonymous_0)","decl":{"start":{"line":4,"column":31},"end":{"line":4,"column":32}},"loc":{"start":{"line":4,"column":49},"end":{"line":7,"column":1}},"line":4},"1":{"name":"validateEmail","decl":{"start":{"line":11,"column":16},"end":{"line":11,"column":29}},"loc":{"start":{"line":11,"column":45},"end":{"line":14,"column":1}},"line":11},"2":{"name":"validatePhone","decl":{"start":{"line":17,"column":16},"end":{"line":17,"column":29}},"loc":{"start":{"line":17,"column":45},"end":{"line":20,"column":1}},"line":17},"3":{"name":"validatePassword","decl":{"start":{"line":23,"column":16},"end":{"line":23,"column":32}},"loc":{"start":{"line":23,"column":51},"end":{"line":27,"column":1}},"line":23},"4":{"name":"validateIdCard","decl":{"start":{"line":30,"column":16},"end":{"line":30,"column":30}},"loc":{"start":{"line":30,"column":47},"end":{"line":34,"column":1}},"line":30},"5":{"name":"validateUrl","decl":{"start":{"line":37,"column":16},"end":{"line":37,"column":27}},"loc":{"start":{"line":37,"column":41},"end":{"line":40,"column":1}},"line":37},"6":{"name":"extractNumbers","decl":{"start":{"line":43,"column":16},"end":{"line":43,"column":30}},"loc":{"start":{"line":43,"column":44},"end":{"line":46,"column":1}},"line":43},"7":{"name":"replaceSensitiveWords","decl":{"start":{"line":49,"column":16},"end":{"line":49,"column":37}},"loc":{"start":{"line":49,"column":78},"end":{"line":52,"column":1}},"line":49},"8":{"name":"matchDate","decl":{"start":{"line":55,"column":16},"end":{"line":55,"column":25}},"loc":{"start":{"line":55,"column":39},"end":{"line":58,"column":1}},"line":55}},"branchMap":{"0":{"loc":{"start":{"line":6,"column":2},"end":{"line":6,"column":33}},"type":"if","locations":[{"start":{"line":6,"column":2},"end":{"line":6,"column":33}},{"start":{},"end":{}}],"line":6}},"s":{"0":4,"1":1,"2":1,"3":1,"4":2,"5":2,"6":2,"7":2,"8":2,"9":2,"10":2,"11":2,"12":2,"13":2,"14":1,"15":1,"16":1,"17":1,"18":1,"19":1},"f":{"0":1,"1":2,"2":2,"3":2,"4":2,"5":2,"6":1,"7":1,"8":1},"b":{"0":[1,0]},"_coverageSchema":"1a1c01bbd47fc00a2c39e90264f33305004495a9","hash":"0b31c28f7aa216690bfeb2650b7e2abbb7093e33"}
}
