TN:
SF:src\index.ts
FNF:0
FNH:0
LF:0
LH:0
BRF:0
BRH:0
end_of_record
TN:
SF:src\array\index.ts
FN:4,(anonymous_0)
FN:5,(anonymous_1)
FN:11,(anonymous_2)
FN:12,(anonymous_3)
FN:21,(anonymous_4)
FN:24,(anonymous_5)
FNF:6
FNH:0
FNDA:0,(anonymous_0)
FNDA:0,(anonymous_1)
FNDA:0,(anonymous_2)
FNDA:0,(anonymous_3)
FNDA:0,(anonymous_4)
FNDA:0,(anonymous_5)
DA:4,4
DA:5,0
DA:11,4
DA:12,0
DA:21,4
DA:22,0
DA:24,0
LF:7
LH:3
BRDA:24,0,0,0
BRDA:24,0,1,0
BRF:2
BRH:0
end_of_record
TN:
SF:src\browser\cookie.ts
FN:8,setCookie
FN:21,getCookie
FN:35,removeCookie
FN:40,hasCookie
FN:46,getAllCookies
FN:49,(anonymous_5)
FNF:6
FNH:0
FNDA:0,setCookie
FNDA:0,getCookie
FNDA:0,removeCookie
FNDA:0,hasCookie
FNDA:0,getAllCookies
FNDA:0,(anonymous_5)
DA:9,0
DA:10,0
DA:11,0
DA:12,0
DA:13,0
DA:15,0
DA:22,0
DA:23,0
DA:24,0
DA:25,0
DA:26,0
DA:27,0
DA:28,0
DA:30,0
DA:36,0
DA:41,0
DA:47,0
DA:48,0
DA:49,0
DA:50,0
DA:51,0
DA:53,0
LF:22
LH:0
BRDA:10,0,0,0
BRDA:10,0,1,0
BRDA:27,1,0,0
BRDA:27,1,1,0
BRF:4
BRH:0
end_of_record
TN:
SF:src\browser\dom.ts
FN:2,getWindowSize
FN:11,scrollToTop
FN:21,scrollToBottom
FN:31,scrollToElement
FN:37,isElementInViewport
FN:50,getURLParameters
FN:57,setURLParameter
FN:68,removeURLParameter
FN:79,getBrowserType
FN:91,getBrowserVersion
FN:113,isMobileDevice
FN:121,isTouchDevice
FN:127,getScreenOrientation
FN:133,listenScreenOrientationChange
FNF:14
FNH:0
FNDA:0,getWindowSize
FNDA:0,scrollToTop
FNDA:0,scrollToBottom
FNDA:0,scrollToElement
FNDA:0,isElementInViewport
FNDA:0,getURLParameters
FNDA:0,setURLParameter
FNDA:0,removeURLParameter
FNDA:0,getBrowserType
FNDA:0,getBrowserVersion
FNDA:0,isMobileDevice
FNDA:0,isTouchDevice
FNDA:0,getScreenOrientation
FNDA:0,listenScreenOrientationChange
DA:3,0
DA:12,0
DA:22,0
DA:32,0
DA:38,0
DA:39,0
DA:51,0
DA:52,0
DA:58,0
DA:59,0
DA:60,0
DA:69,0
DA:70,0
DA:71,0
DA:80,0
DA:81,0
DA:82,0
DA:83,0
DA:84,0
DA:85,0
DA:86,0
DA:92,0
DA:93,0
DA:96,0
DA:97,0
DA:98,0
DA:99,0
DA:100,0
DA:101,0
DA:102,0
DA:103,0
DA:104,0
DA:105,0
DA:108,0
DA:114,0
DA:122,0
DA:128,0
DA:134,0
LF:38
LH:0
BRDA:40,0,0,0
BRDA:40,0,1,0
BRDA:40,0,2,0
BRDA:40,0,3,0
BRDA:43,1,0,0
BRDA:43,1,1,0
BRDA:44,2,0,0
BRDA:44,2,1,0
BRDA:81,3,0,0
BRDA:81,3,1,0
BRDA:82,4,0,0
BRDA:82,4,1,0
BRDA:83,5,0,0
BRDA:83,5,1,0
BRDA:84,6,0,0
BRDA:84,6,1,0
BRDA:85,7,0,0
BRDA:85,7,1,0
BRDA:96,8,0,0
BRDA:96,8,1,0
BRDA:98,9,0,0
BRDA:98,9,1,0
BRDA:100,10,0,0
BRDA:100,10,1,0
BRDA:102,11,0,0
BRDA:102,11,1,0
BRDA:104,12,0,0
BRDA:104,12,1,0
BRDA:122,13,0,0
BRDA:122,13,1,0
BRF:30
BRH:0
end_of_record
TN:
SF:src\browser\index.ts
FNF:0
FNH:0
LF:0
LH:0
BRF:0
BRH:0
end_of_record
TN:
SF:src\browser\storage.ts
FN:2,setStorage
FN:8,getStorage
FN:15,removeStorage
FN:21,clearStorage
FN:27,hasStorage
FN:33,getAllStorage
FNF:6
FNH:0
FNDA:0,setStorage
FNDA:0,getStorage
FNDA:0,removeStorage
FNDA:0,clearStorage
FNDA:0,hasStorage
FNDA:0,getAllStorage
DA:3,0
DA:4,0
DA:9,0
DA:10,0
DA:11,0
DA:16,0
DA:17,0
DA:22,0
DA:23,0
DA:28,0
DA:29,0
DA:34,0
DA:35,0
DA:36,0
DA:37,0
DA:38,0
DA:39,0
DA:41,0
LF:18
LH:0
BRDA:2,0,0,0
BRDA:3,1,0,0
BRDA:3,1,1,0
BRDA:8,2,0,0
BRDA:9,3,0,0
BRDA:9,3,1,0
BRDA:11,4,0,0
BRDA:11,4,1,0
BRDA:15,5,0,0
BRDA:16,6,0,0
BRDA:16,6,1,0
BRDA:21,7,0,0
BRDA:22,8,0,0
BRDA:22,8,1,0
BRDA:27,9,0,0
BRDA:28,10,0,0
BRDA:28,10,1,0
BRDA:33,11,0,0
BRDA:34,12,0,0
BRDA:34,12,1,0
BRDA:39,13,0,0
BRDA:39,13,1,0
BRF:22
BRH:0
end_of_record
TN:
SF:src\crypto\index.ts
FN:5,createCrypto
FN:17,(anonymous_1)
FN:21,(anonymous_2)
FNF:3
FNH:0
FNDA:0,createCrypto
FNDA:0,(anonymous_1)
FNDA:0,(anonymous_2)
DA:9,0
DA:10,0
DA:12,0
DA:17,0
DA:18,0
DA:19,0
DA:21,0
DA:22,0
DA:24,0
LF:9
LH:0
BRDA:6,0,0,0
BRDA:7,1,0,0
BRF:2
BRH:0
end_of_record
TN:
SF:src\date\index.ts
FN:10,formatToDateTime
FN:17,formatToDate
FN:25,subtractDate
FN:33,(anonymous_3)
FNF:4
FNH:4
FNDA:1,formatToDateTime
FNDA:1,formatToDate
FNDA:1,subtractDate
FNDA:1,(anonymous_3)
DA:4,4
DA:5,4
DA:7,4
DA:8,4
DA:14,1
DA:21,1
DA:29,1
DA:33,4
DA:37,1
DA:38,1
DA:39,1
LF:11
LH:11
BRDA:11,0,0,0
BRDA:12,1,0,1
BRDA:18,2,0,0
BRDA:19,3,0,1
BRDA:27,4,0,0
BRF:5
BRH:2
end_of_record
TN:
SF:src\net\index.ts
FN:10,(anonymous_0)
FN:16,(anonymous_1)
FN:30,(anonymous_2)
FN:35,(anonymous_3)
FN:83,sendJSONPRequest
FN:88,(anonymous_5)
FN:102,(anonymous_6)
FN:108,(anonymous_7)
FN:114,cleanup
FN:132,downloadByData
FNF:10
FNH:0
FNDA:0,(anonymous_0)
FNDA:0,(anonymous_1)
FNDA:0,(anonymous_2)
FNDA:0,(anonymous_3)
FNDA:0,sendJSONPRequest
FNDA:0,(anonymous_5)
FNDA:0,(anonymous_6)
FNDA:0,(anonymous_7)
FNDA:0,cleanup
FNDA:0,downloadByData
DA:10,4
DA:16,0
DA:19,0
DA:21,0
DA:24,0
DA:28,0
DA:29,0
DA:30,0
DA:31,0
DA:35,0
DA:36,0
DA:37,0
DA:38,0
DA:39,0
DA:44,0
DA:45,0
DA:47,0
DA:52,0
DA:54,0
DA:55,0
DA:88,0
DA:90,0
DA:93,0
DA:94,0
DA:97,0
DA:98,0
DA:99,0
DA:100,0
DA:102,0
DA:103,0
DA:104,0
DA:108,0
DA:109,0
DA:110,0
DA:115,0
DA:116,0
DA:120,0
DA:133,0
DA:134,0
DA:136,0
DA:137,0
DA:138,0
DA:139,0
DA:140,0
DA:141,0
DA:142,0
DA:144,0
DA:145,0
DA:146,0
DA:147,0
LF:50
LH:1
BRDA:19,0,0,0
BRDA:19,0,1,0
BRDA:29,1,0,0
BRDA:29,1,1,0
BRDA:36,2,0,0
BRDA:36,2,1,0
BRDA:37,3,0,0
BRDA:37,3,1,0
BRDA:44,4,0,0
BRDA:44,4,1,0
BRDA:85,5,0,0
BRDA:86,6,0,0
BRDA:133,7,0,0
BRDA:133,7,1,0
BRDA:134,8,0,0
BRDA:134,8,1,0
BRDA:141,9,0,0
BRDA:141,9,1,0
BRF:18
BRH:0
end_of_record
TN:
SF:src\uuid\index.ts
FN:6,buildUUID
FN:23,buildShortUUID
FNF:2
FNH:2
FNDA:3,buildUUID
FNDA:4,buildShortUUID
DA:1,4
DA:2,4
DA:3,64
DA:7,3
DA:8,3
DA:9,108
DA:10,12
DA:11,96
DA:12,3
DA:13,93
DA:14,3
DA:16,90
DA:19,3
DA:22,4
DA:24,4
DA:25,4
DA:26,4
DA:27,4
LF:18
LH:18
BRDA:9,0,0,12
BRDA:9,0,1,96
BRDA:9,1,0,108
BRDA:9,1,1,105
BRDA:9,1,2,102
BRDA:9,1,3,99
BRDA:11,2,0,3
BRDA:11,2,1,93
BRDA:13,3,0,3
BRDA:13,3,1,90
BRDA:23,4,0,3
BRF:11
BRH:11
end_of_record
TN:
SF:src\validate\index.ts
FNF:0
FNH:0
LF:0
LH:0
BRF:0
BRH:0
end_of_record
TN:
SF:src\validate\is.ts
FN:8,checkParity
FN:26,changeFifteenToEighteen
FN:45,validateRealIdCard
FN:98,is
FN:102,isDef
FN:106,isUnDef
FN:110,isObject
FN:114,isNotEmpty
FN:117,isValidParams
FN:120,isEmpty
FN:136,isDate
FN:140,isNull
FN:144,isNullAndUnDef
FN:147,isValidValue
FN:151,isNullOrUnDef
FN:155,isNumber
FN:159,isPromise
FN:168,isString
FN:172,isFunction
FN:176,isBoolean
FN:180,isRegExp
FN:184,isArray
FN:188,isWindow
FN:192,isElement
FN:196,isMap
FN:200,isUrl
FNF:26
FNH:3
FNDA:2,checkParity
FNDA:2,changeFifteenToEighteen
FNDA:2,validateRealIdCard
FNDA:0,is
FNDA:0,isDef
FNDA:0,isUnDef
FNDA:0,isObject
FNDA:0,isNotEmpty
FNDA:0,isValidParams
FNDA:0,isEmpty
FNDA:0,isDate
FNDA:0,isNull
FNDA:0,isNullAndUnDef
FNDA:0,isValidValue
FNDA:0,isNullOrUnDef
FNDA:0,isNumber
FNDA:0,isPromise
FNDA:0,isString
FNDA:0,isFunction
FNDA:0,isBoolean
FNDA:0,isRegExp
FNDA:0,isArray
FNDA:0,isWindow
FNDA:0,isElement
FNDA:0,isMap
FNDA:0,isUrl
DA:10,2
DA:11,2
DA:12,2
DA:13,2
DA:14,2
DA:15,2
DA:17,2
DA:18,34
DA:20,2
DA:21,2
DA:23,0
DA:27,2
DA:28,0
DA:29,0
DA:30,0
DA:32,0
DA:33,0
DA:34,0
DA:36,0
DA:37,0
DA:39,2
DA:46,2
DA:84,2
DA:85,2
DA:86,0
DA:89,2
DA:90,2
DA:92,2
DA:96,4
DA:99,0
DA:103,0
DA:107,0
DA:111,0
DA:115,0
DA:118,0
DA:121,0
DA:122,0
DA:125,0
DA:126,0
DA:129,0
DA:130,0
DA:133,0
DA:137,0
DA:141,0
DA:145,0
DA:148,0
DA:152,0
DA:156,0
DA:160,0
DA:169,0
DA:173,0
DA:177,0
DA:181,0
DA:185,0
DA:189,0
DA:193,0
DA:197,0
DA:202,0
DA:203,0
DA:206,4
DA:208,4
LF:61
LH:21
BRDA:12,0,0,2
BRDA:12,0,1,0
BRDA:27,1,0,0
BRDA:27,1,1,2
BRDA:85,2,0,0
BRDA:85,2,1,2
BRDA:90,3,0,0
BRDA:90,3,1,2
BRDA:111,4,0,0
BRDA:111,4,1,0
BRDA:115,5,0,0
BRDA:115,5,1,0
BRDA:121,6,0,0
BRDA:121,6,1,0
BRDA:121,7,0,0
BRDA:121,7,1,0
BRDA:125,8,0,0
BRDA:125,8,1,0
BRDA:125,9,0,0
BRDA:125,9,1,0
BRDA:129,10,0,0
BRDA:129,10,1,0
BRDA:145,11,0,0
BRDA:145,11,1,0
BRDA:148,12,0,0
BRDA:148,12,1,0
BRDA:148,12,2,0
BRDA:152,13,0,0
BRDA:152,13,1,0
BRDA:161,14,0,0
BRDA:161,14,1,0
BRDA:161,14,2,0
BRDA:161,14,3,0
BRDA:185,15,0,0
BRDA:185,15,1,0
BRDA:189,16,0,0
BRDA:189,16,1,0
BRDA:193,17,0,0
BRDA:193,17,1,0
BRF:39
BRH:4
end_of_record
TN:
SF:src\validate\regExp.ts
FN:4,(anonymous_0)
FN:11,validateEmail
FN:17,validatePhone
FN:23,validatePassword
FN:30,validateIdCard
FN:37,validateUrl
FN:43,extractNumbers
FN:49,replaceSensitiveWords
FN:55,matchDate
FNF:9
FNH:9
FNDA:1,(anonymous_0)
FNDA:2,validateEmail
FNDA:2,validatePhone
FNDA:2,validatePassword
FNDA:2,validateIdCard
FNDA:2,validateUrl
FNDA:1,extractNumbers
FNDA:1,replaceSensitiveWords
FNDA:1,matchDate
DA:4,4
DA:5,1
DA:6,1
DA:12,2
DA:13,2
DA:18,2
DA:19,2
DA:25,2
DA:26,2
DA:32,2
DA:33,2
DA:38,2
DA:39,2
DA:44,1
DA:45,1
DA:50,1
DA:51,1
DA:56,1
DA:57,1
LF:19
LH:19
BRDA:6,0,0,1
BRDA:6,0,1,0
BRF:2
BRH:1
end_of_record
